Godot Engine v3.4.1.stable.official.aa1b95889 - https://godotengine.org
OpenGL ES 3.0 Renderer: Intel(R) Iris(TM) Pro Graphics 5200
OpenGL ES Batching: ON
 
ERROR: File must be opened before use.
   at: get_as_text (core/bind/core_bind.cpp:2046) - Condition "!f" is true. Returned: String()
ERROR: Error parsing JSON at line 0: 
   at: call (modules/gdscript/gdscript_functions.cpp:1214) - Error parsing JSON at line 0: 
SCRIPT ERROR: Trying to assign value of type 'Nil' to a variable of type 'Dictionary'.
   at: loadTrials (res://scripts/main_neuroeconomics.gdc:131) - Trying to assign value of type 'Nil' to a variable of type 'Dictionary'.
SCRIPT ERROR: Invalid get index '0' (on base: 'Dictionary').
   at: _ready (res://scripts/neuroeconomic_trials/reward_qt.gdc:58) - Invalid get index '0' (on base: 'Dictionary').
SCRIPT ERROR: Invalid get index '0' (on base: 'Dictionary').
   at: _ready (res://scripts/neuroeconomic_trials/reward_qt.gdc:58) - Invalid get index '0' (on base: 'Dictionary').
SCRIPT ERROR: Invalid get index '0' (on base: 'Dictionary').
   at: start_trial (res://scripts/main_neuroeconomics.gdc:118) - Invalid get index '0' (on base: 'Dictionary').
SCRIPT ERROR: Invalid get index '0' (on base: 'Dictionary').
   at: give_feedback (res://scripts/neuroeconomic_trial.gdc:92) - Invalid get index '0' (on base: 'Dictionary').
ERROR: (Node not found: "" (relative to "/root/main/NUTRECON Iogurts").)
   at: get_node (scene/main/node.cpp:1325) - Condition "!node" is true. Returned: nullptr
SCRIPT ERROR: Attempt to call function 'queue_free' in base 'null instance' on a null instance.
   at: _on_trial_end (res://scripts/main_neuroeconomics.gdc:229) - Attempt to call function 'queue_free' in base 'null instance' on a null instance.
WARNING: ObjectDB instances leaked at exit (run with --verbose for details).
   at: cleanup (core/object.cpp:2064) - ObjectDB instances leaked at exit (run with --verbose for details).
ERROR: Resources still in use at exit (run with --verbose for details).
   at: clear (core/resource.cpp:417) - Resources still in use at exit (run with --verbose for details).
